<?xml version="1.0" encoding="UTF-8"?>
<!-- Generated by org.testng.reporters.JUnitReportReporter -->
<testsuite hostname="DESKTOP-T0O76BR" failures="0" tests="11" name="project_test.Midac_test" time="261.829" errors="0" timestamp="2024-02-08T21:54:22 IST" skipped="0">
  <testcase classname="project_test.Midac_test" name="home" time="45.297"/>
  <testcase classname="project_test.Midac_test" name="getappointment" time="17.830"/>
  <testcase classname="project_test.Midac_test" name="career" time="16.190"/>
  <testcase classname="project_test.Midac_test" name="aboutus" time="13.208"/>
  <testcase classname="project_test.Midac_test" name="hospitaltour" time="14.264"/>
  <testcase classname="project_test.Midac_test" name="department" time="21.018"/>
  <testcase classname="project_test.Midac_test" name="DrandGallery" time="48.338"/>
  <testcase classname="project_test.Midac_test" name="treatment" time="24.094"/>
  <testcase classname="project_test.Midac_test" name="patients" time="30.208"/>
  <testcase classname="project_test.Midac_test" name="econsult" time="10.010"/>
  <testcase classname="project_test.Midac_test" name="contactus" time="21.372"/>
</testsuite> <!-- project_test.Midac_test -->
